<?xml version="1.0" encoding="UTF-8"?>
<!-- Generated by org.testng.reporters.JUnitReportReporter -->
<testsuite hostname="BTP208437" failures="0" tests="2" name="com.testcases.loginFreeCRM" time="6.294" errors="0" timestamp="12 Sep 2021 19:57:16 GMT" skipped="0">
  <testcase classname="com.testcases.loginFreeCRM" name="loginApp" time="4.336"/>
  <testcase classname="com.testcases.loginFreeCRM" name="loginApp1" time="1.958"/>
</testsuite> <!-- com.testcases.loginFreeCRM -->
